Nav-Sample-Native/platforms/android/app/build/outputs/logs/manifest-merger-F0-F1-F2-F3-debug-report.txt
-- Merging decision tree log ---
manifest
ADDED from src\main\AndroidManifest.xml:2:1-43:12
	package
		ADDED from src\main\AndroidManifest.xml:3:2-44
		INJECTED from src\main\AndroidManifest.xml
		ADDED from src\main\AndroidManifest.xml:3:2-44
		INJECTED from src\F1\AndroidManifest.xml
	android:versionName
		ADDED from src\main\AndroidManifest.xml:5:2-27
		INJECTED from src\main\AndroidManifest.xml
		ADDED from src\main\AndroidManifest.xml:5:2-27
		INJECTED from src\F1\AndroidManifest.xml
	android:versionCode
		ADDED from src\main\AndroidManifest.xml:4:2-29
		INJECTED from src\main\AndroidManifest.xml
		ADDED from src\main\AndroidManifest.xml:4:2-29
		INJECTED from src\F1\AndroidManifest.xml
	xmlns:android
		ADDED from src\main\AndroidManifest.xml:2:11-69
supports-screens
ADDED from src\main\AndroidManifest.xml:7:2-11:33
	android:largeScreens
		ADDED from src\main\AndroidManifest.xml:10:3-30
	android:smallScreens
		ADDED from src\main\AndroidManifest.xml:8:3-30
	android:normalScreens
		ADDED from src\main\AndroidManifest.xml:9:3-31
	android:xlargeScreens
		ADDED from src\main\AndroidManifest.xml:11:3-31
uses-sdk
ADDED from src\main\AndroidManifest.xml:13:2-15:34
MERGED from [com.android.support:multidex:1.0.1] AndroidManifest.xml:18:5-42
MERGED from [com.orhanobut:hawk:2.0.1] AndroidManifest.xml:6:5-44
MERGED from [com.facebook.conceal:conceal:1.1.3] AndroidManifest.xml:12:5-14:41
MERGED from [com.android.support:design:25.3.1] AndroidManifest.xml:21:5-23:62
MERGED from [com.android.support:appcompat-v7:25.3.1] AndroidManifest.xml:21:5-23:78
MERGED from [com.android.support:animated-vector-drawable:25.3.1] AndroidManifest.xml:20:5-44
MERGED from [com.android.support:support-vector-drawable:25.3.1] AndroidManifest.xml:20:5-43
MERGED from [com.android.support:recyclerview-v7:25.3.1] AndroidManifest.xml:20:5-43
MERGED from [com.android.support:transition:25.3.1] AndroidManifest.xml:20:5-44
MERGED from [com.google.firebase:firebase-messaging:11.4.2] AndroidManifest.xml:17:5-43
MERGED from [com.google.firebase:firebase-messaging-license:11.4.2] AndroidManifest.xml:4:5-43
MERGED from [:nativescript-optimized:] AndroidManifest.xml:7:5-9:41
MERGED from [:Chart-2017.1.1221-dev-release:] AndroidManifest.xml:7:5-9:41
MERGED from [:Common-2017.1.1221-dev-release:] AndroidManifest.xml:7:5-9:41
MERGED from [:Data-2017.1.1221-dev-release:] AndroidManifest.xml:7:5-9:41
MERGED from [:Feedback-2017.1.1221-dev-release:] AndroidManifest.xml:7:5-9:41
MERGED from [:Gauges-2017.1.1221-dev-release:] AndroidManifest.xml:7:5-9:41
MERGED from [:Input-2017.1.1221-dev-release:] AndroidManifest.xml:7:5-9:41
MERGED from [:List-2017.1.1221-dev-release:] AndroidManifest.xml:7:5-9:41
MERGED from [:Primitives-2017.1.1221-dev-release:] AndroidManifest.xml:7:5-9:41
MERGED from [:pushplugin:] AndroidManifest.xml:7:5-9:41
MERGED from [:widgets-release:] AndroidManifest.xml:7:5-9:41
MERGED from [com.google.firebase:firebase-core:11.4.2] AndroidManifest.xml:4:5-43
MERGED from [com.google.firebase:firebase-analytics:11.4.2] AndroidManifest.xml:17:5-43
MERGED from [com.google.firebase:firebase-analytics-impl:11.4.2] AndroidManifest.xml:17:5-43
MERGED from [com.google.firebase:firebase-iid:11.4.2] AndroidManifest.xml:17:5-43
MERGED from [com.google.firebase:firebase-iid-license:11.4.2] AndroidManifest.xml:4:5-43
MERGED from [com.google.firebase:firebase-common:11.4.2] AndroidManifest.xml:3:5-43
MERGED from [com.google.firebase:firebase-common-license:11.4.2] AndroidManifest.xml:4:5-43
MERGED from [com.google.android.gms:play-services-tasks:11.4.2] AndroidManifest.xml:3:5-43
MERGED from [com.google.android.gms:play-services-basement:11.4.2] AndroidManifest.xml:17:5-43
MERGED from [com.android.support:support-v4:25.3.1] AndroidManifest.xml:21:5-23:54
MERGED from [com.android.support:support-fragment:25.3.1] AndroidManifest.xml:21:5-23:60
MERGED from [com.android.support:support-media-compat:25.3.1] AndroidManifest.xml:21:5-23:63
MERGED from [com.android.support:support-core-ui:25.3.1] AndroidManifest.xml:21:5-23:58
MERGED from [com.android.support:support-core-utils:25.3.1] AndroidManifest.xml:21:5-23:61
MERGED from [com.android.support:support-compat:25.3.1] AndroidManifest.xml:21:5-23:58
MERGED from [com.google.android.gms:play-services-basement-license:11.4.2] AndroidManifest.xml:4:5-43
MERGED from [com.google.android.gms:play-services-tasks-license:11.4.2] AndroidManifest.xml:4:5-43
MERGED from [com.google.firebase:firebase-analytics-impl-license:11.4.2] AndroidManifest.xml:4:5-43
MERGED from [com.google.firebase:firebase-analytics-license:11.4.2] AndroidManifest.xml:4:5-43
	tools:overrideLibrary
		ADDED from [com.android.support:design:25.3.1] AndroidManifest.xml:23:9-59
	android:targetSdkVersion
		ADDED from src\main\AndroidManifest.xml:15:3-32
		INJECTED from src\main\AndroidManifest.xml
		INJECTED from src\F1\AndroidManifest.xml
	android:minSdkVersion
		ADDED from src\main\AndroidManifest.xml:14:3-29
		INJECTED from src\main\AndroidManifest.xml
		INJECTED from src\F1\AndroidManifest.xml
uses-permission#android.permission.READ_EXTERNAL_STORAGE
ADDED from src\main\AndroidManifest.xml:17:2-76
MERGED from src\main\AndroidManifest.xml:17:2-76
	android:name
		ADDED from src\main\AndroidManifest.xml:17:19-74
uses-permission#android.permission.WRITE_EXTERNAL_STORAGE
ADDED from src\main\AndroidManifest.xml:18:2-77
	android:name
		ADDED from src\main\AndroidManifest.xml:18:19-75
uses-permission#android.permission.INTERNET
ADDED from src\main\AndroidManifest.xml:19:2-63
MERGED from [com.google.firebase:firebase-analytics:11.4.2] AndroidManifest.xml:20:5-66
MERGED from [com.google.firebase:firebase-analytics-impl:11.4.2] AndroidManifest.xml:20:5-66
MERGED from [com.google.firebase:firebase-iid:11.4.2] AndroidManifest.xml:20:5-66
	android:name
		ADDED from src\main\AndroidManifest.xml:19:19-61
application
ADDED from src\main\AndroidManifest.xml:21:2-42:16
MERGED from [com.android.support:design:25.3.1] AndroidManifest.xml:29:5-20
MERGED from [com.android.support:appcompat-v7:25.3.1] AndroidManifest.xml:29:5-20
MERGED from [com.android.support:animated-vector-drawable:25.3.1] AndroidManifest.xml:26:5-20
MERGED from [com.android.support:support-vector-drawable:25.3.1] AndroidManifest.xml:26:5-20
MERGED from [com.android.support:transition:25.3.1] AndroidManifest.xml:26:5-20
MERGED from [com.google.firebase:firebase-messaging:11.4.2] AndroidManifest.xml:19:5-29:19
MERGED from [com.google.firebase:firebase-messaging-license:11.4.2] AndroidManifest.xml:5:5-20
MERGED from [:Chart-2017.1.1221-dev-release:] AndroidManifest.xml:11:5-12:19
MERGED from [:Common-2017.1.1221-dev-release:] AndroidManifest.xml:11:5-12:19
MERGED from [:Data-2017.1.1221-dev-release:] AndroidManifest.xml:11:5-12:19
MERGED from [:Feedback-2017.1.1221-dev-release:] AndroidManifest.xml:11:5-32:19
MERGED from [:Gauges-2017.1.1221-dev-release:] AndroidManifest.xml:11:5-12:19
MERGED from [:Input-2017.1.1221-dev-release:] AndroidManifest.xml:11:5-12:19
MERGED from [:List-2017.1.1221-dev-release:] AndroidManifest.xml:11:5-12:19
MERGED from [:Primitives-2017.1.1221-dev-release:] AndroidManifest.xml:11:5-12:19
MERGED from [:pushplugin:] AndroidManifest.xml:11:5-22:19
MERGED from [:widgets-release:] AndroidManifest.xml:11:5-12:19
MERGED from [com.google.firebase:firebase-core:11.4.2] AndroidManifest.xml:5:5-20
MERGED from [com.google.firebase:firebase-analytics:11.4.2] AndroidManifest.xml:24:5-34:19
MERGED from [com.google.firebase:firebase-analytics-impl:11.4.2] AndroidManifest.xml:24:5-28:19
MERGED from [com.google.firebase:firebase-iid:11.4.2] AndroidManifest.xml:28:5-49:19
MERGED from [com.google.firebase:firebase-iid-license:11.4.2] AndroidManifest.xml:5:5-20
MERGED from [com.google.firebase:firebase-common:11.4.2] AndroidManifest.xml:4:5-7:19
MERGED from [com.google.firebase:firebase-common-license:11.4.2] AndroidManifest.xml:5:5-20
MERGED from [com.google.android.gms:play-services-tasks:11.4.2] AndroidManifest.xml:4:5-19
MERGED from [com.google.android.gms:play-services-basement:11.4.2] AndroidManifest.xml:19:5-21:19
MERGED from [com.android.support:support-v4:25.3.1] AndroidManifest.xml:29:5-20
MERGED from [com.android.support:support-fragment:25.3.1] AndroidManifest.xml:29:5-20
MERGED from [com.android.support:support-media-compat:25.3.1] AndroidManifest.xml:29:5-20
MERGED from [com.android.support:support-core-ui:25.3.1] AndroidManifest.xml:29:5-20
MERGED from [com.android.support:support-core-utils:25.3.1] AndroidManifest.xml:29:5-20
MERGED from [com.android.support:support-compat:25.3.1] AndroidManifest.xml:29:5-20
MERGED from [com.google.android.gms:play-services-basement-license:11.4.2] AndroidManifest.xml:5:5-20
MERGED from [com.google.android.gms:play-services-tasks-license:11.4.2] AndroidManifest.xml:5:5-20
MERGED from [com.google.firebase:firebase-analytics-impl-license:11.4.2] AndroidManifest.xml:5:5-20
MERGED from [com.google.firebase:firebase-analytics-license:11.4.2] AndroidManifest.xml:5:5-20
	android:label
		ADDED from src\main\AndroidManifest.xml:25:3-35
	android:allowBackup
		ADDED from src\main\AndroidManifest.xml:23:3-29
	android:icon
		ADDED from src\main\AndroidManifest.xml:24:3-32
	android:theme
		ADDED from src\main\AndroidManifest.xml:26:3-34
	android:name
		ADDED from src\main\AndroidManifest.xml:22:3-49
activity#com.tns.NativeScriptActivity
ADDED from src\main\AndroidManifest.xml:28:3-40:14
	android:label
		ADDED from src\main\AndroidManifest.xml:30:4-49
	android:configChanges
		ADDED from src\main\AndroidManifest.xml:31:4-65
	android:theme
		ADDED from src\main\AndroidManifest.xml:32:4-44
	android:name
		ADDED from src\main\AndroidManifest.xml:29:4-47
meta-data#SET_THEME_ON_LAUNCH
ADDED from src\main\AndroidManifest.xml:34:4-87
	android:resource
		ADDED from src\main\AndroidManifest.xml:34:50-84
	android:name
		ADDED from src\main\AndroidManifest.xml:34:15-49
intent-filter#android.intent.action.MAIN+android.intent.category.LAUNCHER
ADDED from src\main\AndroidManifest.xml:36:4-39:20
action#android.intent.action.MAIN
ADDED from src\main\AndroidManifest.xml:37:5-57
	android:name
		ADDED from src\main\AndroidManifest.xml:37:13-54
category#android.intent.category.LAUNCHER
ADDED from src\main\AndroidManifest.xml:38:5-65
	android:name
		ADDED from src\main\AndroidManifest.xml:38:15-62
activity#com.tns.ErrorReportActivity
ADDED from src\main\AndroidManifest.xml:41:3-57
	android:name
		ADDED from src\main\AndroidManifest.xml:41:13-55
meta-data#android.support.VERSION
ADDED from [com.android.support:design:25.3.1] AndroidManifest.xml:25:5-27:34
MERGED from [com.android.support:appcompat-v7:25.3.1] AndroidManifest.xml:25:5-27:34
MERGED from [com.android.support:animated-vector-drawable:25.3.1] AndroidManifest.xml:22:5-24:34
MERGED from [com.android.support:support-vector-drawable:25.3.1] AndroidManifest.xml:22:5-24:34
MERGED from [com.android.support:recyclerview-v7:25.3.1] AndroidManifest.xml:22:5-24:34
MERGED from [com.android.support:transition:25.3.1] AndroidManifest.xml:22:5-24:34
MERGED from [com.android.support:support-v4:25.3.1] AndroidManifest.xml:25:5-27:34
MERGED from [com.android.support:support-fragment:25.3.1] AndroidManifest.xml:25:5-27:34
MERGED from [com.android.support:support-media-compat:25.3.1] AndroidManifest.xml:25:5-27:34
MERGED from [com.android.support:support-core-ui:25.3.1] AndroidManifest.xml:25:5-27:34
MERGED from [com.android.support:support-core-utils:25.3.1] AndroidManifest.xml:25:5-27:34
MERGED from [com.android.support:support-compat:25.3.1] AndroidManifest.xml:25:5-27:34
	android:value
		ADDED from [com.android.support:design:25.3.1] AndroidManifest.xml:27:9-31
	android:name
		ADDED from [com.android.support:design:25.3.1] AndroidManifest.xml:26:9-47
service#com.google.firebase.messaging.FirebaseMessagingService
ADDED from [com.google.firebase:firebase-messaging:11.4.2] AndroidManifest.xml:23:9-27:19
	android:exported
		ADDED from [com.google.firebase:firebase-messaging:11.4.2] AndroidManifest.xml:23:88-111
	android:name
		ADDED from [com.google.firebase:firebase-messaging:11.4.2] AndroidManifest.xml:23:18-87
intent-filter#com.google.firebase.MESSAGING_EVENT
ADDED from [com.google.firebase:firebase-messaging:11.4.2] AndroidManifest.xml:24:13-26:29
	android:priority
		ADDED from [com.google.firebase:firebase-messaging:11.4.2] AndroidManifest.xml:24:28-51
action#com.google.firebase.MESSAGING_EVENT
ADDED from [com.google.firebase:firebase-messaging:11.4.2] AndroidManifest.xml:25:17-77
	android:name
		ADDED from [com.google.firebase:firebase-messaging:11.4.2] AndroidManifest.xml:25:25-75
activity#com.telerik.widget.feedback.SendFeedbackActivity
ADDED from [:Feedback-2017.1.1221-dev-release:] AndroidManifest.xml:12:9-16:20
	android:label
		ADDED from [:Feedback-2017.1.1221-dev-release:] AndroidManifest.xml:14:13-65
	android:theme
		ADDED from [:Feedback-2017.1.1221-dev-release:] AndroidManifest.xml:15:13-50
	android:name
		ADDED from [:Feedback-2017.1.1221-dev-release:] AndroidManifest.xml:13:13-76
activity#com.telerik.widget.feedback.ViewFeedbackActivity
ADDED from [:Feedback-2017.1.1221-dev-release:] AndroidManifest.xml:17:9-21:20
	android:label
		ADDED from [:Feedback-2017.1.1221-dev-release:] AndroidManifest.xml:19:13-65
	android:theme
		ADDED from [:Feedback-2017.1.1221-dev-release:] AndroidManifest.xml:20:13-50
	android:name
		ADDED from [:Feedback-2017.1.1221-dev-release:] AndroidManifest.xml:18:13-76
activity#com.telerik.widget.feedback.ViewFeedbackItemActivity
ADDED from [:Feedback-2017.1.1221-dev-release:] AndroidManifest.xml:22:9-26:20
	android:label
		ADDED from [:Feedback-2017.1.1221-dev-release:] AndroidManifest.xml:24:13-65
	android:theme
		ADDED from [:Feedback-2017.1.1221-dev-release:] AndroidManifest.xml:25:13-50
	android:name
		ADDED from [:Feedback-2017.1.1221-dev-release:] AndroidManifest.xml:23:13-80
activity#com.telerik.widget.feedback.EditDetailsActivity
ADDED from [:Feedback-2017.1.1221-dev-release:] AndroidManifest.xml:27:9-31:20
	android:label
		ADDED from [:Feedback-2017.1.1221-dev-release:] AndroidManifest.xml:29:13-64
	android:theme
		ADDED from [:Feedback-2017.1.1221-dev-release:] AndroidManifest.xml:30:13-50
	android:name
		ADDED from [:Feedback-2017.1.1221-dev-release:] AndroidManifest.xml:28:13-75
service#com.telerik.pushplugin.PushPlugin
ADDED from [:pushplugin:] AndroidManifest.xml:12:9-16:19
	android:name
		ADDED from [:pushplugin:] AndroidManifest.xml:12:18-66
service#com.telerik.pushplugin.InstanceIdListenerService
ADDED from [:pushplugin:] AndroidManifest.xml:17:9-21:19
	android:name
		ADDED from [:pushplugin:] AndroidManifest.xml:17:18-81
intent-filter#com.google.firebase.INSTANCE_ID_EVENT
ADDED from [:pushplugin:] AndroidManifest.xml:18:13-20:29
action#com.google.firebase.INSTANCE_ID_EVENT
ADDED from [:pushplugin:] AndroidManifest.xml:19:17-80
	android:name
		ADDED from [:pushplugin:] AndroidManifest.xml:19:25-77
uses-permission#android.permission.ACCESS_NETWORK_STATE
ADDED from [com.google.firebase:firebase-analytics:11.4.2] AndroidManifest.xml:21:5-78
MERGED from [com.google.firebase:firebase-analytics-impl:11.4.2] AndroidManifest.xml:21:5-78
MERGED from [com.google.firebase:firebase-iid:11.4.2] AndroidManifest.xml:19:5-78
	android:name
		ADDED from [com.google.firebase:firebase-analytics:11.4.2] AndroidManifest.xml:21:22-76
uses-permission#android.permission.WAKE_LOCK
ADDED from [com.google.firebase:firebase-analytics:11.4.2] AndroidManifest.xml:22:5-67
MERGED from [com.google.firebase:firebase-analytics-impl:11.4.2] AndroidManifest.xml:22:5-67
MERGED from [com.google.firebase:firebase-iid:11.4.2] AndroidManifest.xml:21:5-67
	android:name
		ADDED from [com.google.firebase:firebase-analytics:11.4.2] AndroidManifest.xml:22:22-65
receiver#com.google.android.gms.measurement.AppMeasurementReceiver
ADDED from [com.google.firebase:firebase-analytics:11.4.2] AndroidManifest.xml:25:7-26:18
MERGED from [com.google.firebase:firebase-analytics-impl:11.4.2] AndroidManifest.xml:25:7-26:18
	android:enabled
		ADDED from [com.google.firebase:firebase-analytics:11.4.2] AndroidManifest.xml:25:90-112
	android:exported
		ADDED from [com.google.firebase:firebase-analytics:11.4.2] AndroidManifest.xml:25:113-137
	android:name
		ADDED from [com.google.firebase:firebase-analytics:11.4.2] AndroidManifest.xml:25:17-89
receiver#com.google.android.gms.measurement.AppMeasurementInstallReferrerReceiver
ADDED from [com.google.firebase:firebase-analytics:11.4.2] AndroidManifest.xml:27:7-31:18
	android:enabled
		ADDED from [com.google.firebase:firebase-analytics:11.4.2] AndroidManifest.xml:27:162-184
	android:exported
		ADDED from [com.google.firebase:firebase-analytics:11.4.2] AndroidManifest.xml:27:185-208
	android:permission
		ADDED from [com.google.firebase:firebase-analytics:11.4.2] AndroidManifest.xml:27:105-161
	android:name
		ADDED from [com.google.firebase:firebase-analytics:11.4.2] AndroidManifest.xml:27:17-104
intent-filter#com.android.vending.INSTALL_REFERRER
ADDED from [com.google.firebase:firebase-analytics:11.4.2] AndroidManifest.xml:28:11-30:27
action#com.android.vending.INSTALL_REFERRER
ADDED from [com.google.firebase:firebase-analytics:11.4.2] AndroidManifest.xml:29:15-76
	android:name
		ADDED from [com.google.firebase:firebase-analytics:11.4.2] AndroidManifest.xml:29:23-74
service#com.google.android.gms.measurement.AppMeasurementService
ADDED from [com.google.firebase:firebase-analytics:11.4.2] AndroidManifest.xml:32:7-137
MERGED from [com.google.firebase:firebase-analytics-impl:11.4.2] AndroidManifest.xml:27:7-137
	android:enabled
		ADDED from [com.google.firebase:firebase-analytics:11.4.2] AndroidManifest.xml:32:88-110
	android:exported
		ADDED from [com.google.firebase:firebase-analytics:11.4.2] AndroidManifest.xml:32:111-135
	android:name
		ADDED from [com.google.firebase:firebase-analytics:11.4.2] AndroidManifest.xml:32:16-87
service#com.google.android.gms.measurement.AppMeasurementJobService
ADDED from [com.google.firebase:firebase-analytics:11.4.2] AndroidManifest.xml:33:7-197
	android:enabled
		ADDED from [com.google.firebase:firebase-analytics:11.4.2] AndroidManifest.xml:33:148-170
	android:exported
		ADDED from [com.google.firebase:firebase-analytics:11.4.2] AndroidManifest.xml:33:171-195
	android:permission
		ADDED from [com.google.firebase:firebase-analytics:11.4.2] AndroidManifest.xml:33:91-147
	android:name
		ADDED from [com.google.firebase:firebase-analytics:11.4.2] AndroidManifest.xml:33:16-90
uses-permission#com.google.android.c2dm.permission.RECEIVE
ADDED from [com.google.firebase:firebase-iid:11.4.2] AndroidManifest.xml:22:5-81
	android:name
		ADDED from [com.google.firebase:firebase-iid:11.4.2] AndroidManifest.xml:22:22-79
permission#${applicationId}.permission.C2D_MESSAGE
ADDED from [com.google.firebase:firebase-iid:11.4.2] AndroidManifest.xml:24:5-109
	android:protectionLevel
		ADDED from [com.google.firebase:firebase-iid:11.4.2] AndroidManifest.xml:24:72-107
	android:name
		ADDED from [com.google.firebase:firebase-iid:11.4.2] AndroidManifest.xml:24:17-71
uses-permission#${applicationId}.permission.C2D_MESSAGE
ADDED from [com.google.firebase:firebase-iid:11.4.2] AndroidManifest.xml:26:5-78
	android:name
		ADDED from [com.google.firebase:firebase-iid:11.4.2] AndroidManifest.xml:26:22-76
receiver#com.google.firebase.iid.FirebaseInstanceIdReceiver
ADDED from [com.google.firebase:firebase-iid:11.4.2] AndroidManifest.xml:30:9-35:20
	android:exported
		ADDED from [com.google.firebase:firebase-iid:11.4.2] AndroidManifest.xml:30:85-108
	android:permission
		ADDED from [com.google.firebase:firebase-iid:11.4.2] AndroidManifest.xml:30:109-169
	android:name
		ADDED from [com.google.firebase:firebase-iid:11.4.2] AndroidManifest.xml:30:19-84
intent-filter#${applicationId}+com.google.android.c2dm.intent.RECEIVE
ADDED from [com.google.firebase:firebase-iid:11.4.2] AndroidManifest.xml:31:13-34:29
action#com.google.android.c2dm.intent.RECEIVE
ADDED from [com.google.firebase:firebase-iid:11.4.2] AndroidManifest.xml:32:17-80
	android:name
		ADDED from [com.google.firebase:firebase-iid:11.4.2] AndroidManifest.xml:32:25-78
category#${applicationId}
ADDED from [com.google.firebase:firebase-iid:11.4.2] AndroidManifest.xml:33:17-60
	android:name
		ADDED from [com.google.firebase:firebase-iid:11.4.2] AndroidManifest.xml:33:27-58
receiver#com.google.firebase.iid.FirebaseInstanceIdInternalReceiver
ADDED from [com.google.firebase:firebase-iid:11.4.2] AndroidManifest.xml:39:9-119
	android:exported
		ADDED from [com.google.firebase:firebase-iid:11.4.2] AndroidManifest.xml:39:93-117
	android:name
		ADDED from [com.google.firebase:firebase-iid:11.4.2] AndroidManifest.xml:39:19-92
service#com.google.firebase.iid.FirebaseInstanceIdService
ADDED from [com.google.firebase:firebase-iid:11.4.2] AndroidManifest.xml:43:9-47:19
	android:exported
		ADDED from [com.google.firebase:firebase-iid:11.4.2] AndroidManifest.xml:43:83-106
	android:name
		ADDED from [com.google.firebase:firebase-iid:11.4.2] AndroidManifest.xml:43:18-82
provider#com.google.firebase.provider.FirebaseInitProvider
ADDED from [com.google.firebase:firebase-common:11.4.2] AndroidManifest.xml:6:9-194
	android:authorities
		ADDED from [com.google.firebase:firebase-common:11.4.2] AndroidManifest.xml:6:19-78
	android:exported
		ADDED from [com.google.firebase:firebase-common:11.4.2] AndroidManifest.xml:6:144-168
	android:initOrder
		ADDED from [com.google.firebase:firebase-common:11.4.2] AndroidManifest.xml:6:169-192
	android:name
		ADDED from [com.google.firebase:firebase-common:11.4.2] AndroidManifest.xml:6:79-143
meta-data#com.google.android.gms.version
ADDED from [com.google.android.gms:play-services-basement:11.4.2] AndroidManifest.xml:20:9-121
	android:value
		ADDED from [com.google.android.gms:play-services-basement:11.4.2] AndroidManifest.xml:20:66-119
	android:name
		ADDED from [com.google.android.gms:play-services-basement:11.4.2] AndroidManifest.xml:20:20-65